c:\users\franz alarcon\documents\visual studio 2019\projects\consolemenu\consolemenu\release\vc142.pdb
c:\users\franz alarcon\documents\visual studio 2019\projects\consolemenu\consolemenu\release\testing.obj
c:\users\franz alarcon\documents\visual studio 2019\projects\consolemenu\consolemenu\release\consoleaccess.obj
c:\users\franz alarcon\documents\visual studio 2019\projects\consolemenu\consolemenu\release\editconsole.obj
c:\users\franz alarcon\documents\visual studio 2019\projects\consolemenu\consolemenu\release\consolemenu.pdb
c:\users\franz alarcon\documents\visual studio 2019\projects\consolemenu\release\consolemenu.ipdb
c:\users\franz alarcon\documents\visual studio 2019\projects\consolemenu\release\consolemenu.iobj
c:\users\franz alarcon\documents\visual studio 2019\projects\consolemenu\release\consolemenu.lib
c:\users\franz alarcon\documents\visual studio 2019\projects\consolemenu\release\consolemenu.exe
c:\users\franz alarcon\documents\visual studio 2019\projects\consolemenu\release\consolemenu.pdb
c:\users\franz alarcon\documents\visual studio 2019\projects\consolemenu\consolemenu\release\consolemenu.tlog\cl.command.1.tlog
c:\users\franz alarcon\documents\visual studio 2019\projects\consolemenu\consolemenu\release\consolemenu.tlog\cl.read.1.tlog
c:\users\franz alarcon\documents\visual studio 2019\projects\consolemenu\consolemenu\release\consolemenu.tlog\cl.write.1.tlog
c:\users\franz alarcon\documents\visual studio 2019\projects\consolemenu\consolemenu\release\consolemenu.tlog\consolemenu.write.1u.tlog
c:\users\franz alarcon\documents\visual studio 2019\projects\consolemenu\consolemenu\release\consolemenu.tlog\lib-link.read.1.tlog
c:\users\franz alarcon\documents\visual studio 2019\projects\consolemenu\consolemenu\release\consolemenu.tlog\lib-link.write.1.tlog
c:\users\franz alarcon\documents\visual studio 2019\projects\consolemenu\consolemenu\release\consolemenu.tlog\lib.command.1.tlog
c:\users\franz alarcon\documents\visual studio 2019\projects\consolemenu\consolemenu\release\consolemenu.tlog\link.command.1.tlog
c:\users\franz alarcon\documents\visual studio 2019\projects\consolemenu\consolemenu\release\consolemenu.tlog\link.delete.1.tlog
c:\users\franz alarcon\documents\visual studio 2019\projects\consolemenu\consolemenu\release\consolemenu.tlog\link.read.1.tlog
c:\users\franz alarcon\documents\visual studio 2019\projects\consolemenu\consolemenu\release\consolemenu.tlog\link.write.1.tlog
